CRITICAL - 2024-12-12 20:54:08 --> ErrorException: Undefined variable $page_name
[Method: GET, Route: dashboard]
in APPPATH\Views\common\app_main.php on line 313.
 1 APPPATH\Views\common\app_main.php(313): CodeIgniter\Debug\Exceptions->errorHandler(2, 'Undefined variable $page_name', 'F:\\abhis\\softwares\\xampp\\htdocs\\ci4-projects\\ticket-management-system\\app\\Views\\common\\app_main.php', 313)
 2 SYSTEMPATH\View\View.php(234): include('F:\\abhis\\softwares\\xampp\\htdocs\\ci4-projects\\ticket-management-system\\app\\Views\\common\\app_main.php')
 3 SYSTEMPATH\View\View.php(237): CodeIgniter\View\View->CodeIgniter\View\{closure}()
 4 SYSTEMPATH\Common.php(1171): CodeIgniter\View\View->render('common/app_main', [], true)
 5 APPPATH\Controllers\Dashboard.php(11): view('common/app_main', [...])
 6 SYSTEMPATH\CodeIgniter.php(933): App\Controllers\Dashboard->index()
 7 SYSTEMPATH\CodeIgniter.php(509): CodeIgniter\CodeIgniter->runController(Object(App\Controllers\Dashboard))
 8 SYSTEMPATH\CodeIgniter.php(355): CodeIgniter\CodeIgniter->handleRequest(null, Object(Config\Cache), false)
 9 SYSTEMPATH\Boot.php(325): CodeIgniter\CodeIgniter->run()
10 SYSTEMPATH\Boot.php(67): CodeIgniter\Boot::runCodeIgniter(Object(CodeIgniter\CodeIgniter))
11 FCPATH\index.php(56): CodeIgniter\Boot::bootWeb(Object(Config\Paths))
CRITICAL - 2024-12-12 20:54:11 --> ErrorException: Undefined variable $page_name
[Method: GET, Route: dashboard]
in APPPATH\Views\common\app_main.php on line 313.
 1 APPPATH\Views\common\app_main.php(313): CodeIgniter\Debug\Exceptions->errorHandler(2, 'Undefined variable $page_name', 'F:\\abhis\\softwares\\xampp\\htdocs\\ci4-projects\\ticket-management-system\\app\\Views\\common\\app_main.php', 313)
 2 SYSTEMPATH\View\View.php(234): include('F:\\abhis\\softwares\\xampp\\htdocs\\ci4-projects\\ticket-management-system\\app\\Views\\common\\app_main.php')
 3 SYSTEMPATH\View\View.php(237): CodeIgniter\View\View->CodeIgniter\View\{closure}()
 4 SYSTEMPATH\Common.php(1171): CodeIgniter\View\View->render('common/app_main', [], true)
 5 APPPATH\Controllers\Dashboard.php(11): view('common/app_main', [...])
 6 SYSTEMPATH\CodeIgniter.php(933): App\Controllers\Dashboard->index()
 7 SYSTEMPATH\CodeIgniter.php(509): CodeIgniter\CodeIgniter->runController(Object(App\Controllers\Dashboard))
 8 SYSTEMPATH\CodeIgniter.php(355): CodeIgniter\CodeIgniter->handleRequest(null, Object(Config\Cache), false)
 9 SYSTEMPATH\Boot.php(325): CodeIgniter\CodeIgniter->run()
10 SYSTEMPATH\Boot.php(67): CodeIgniter\Boot::runCodeIgniter(Object(CodeIgniter\CodeIgniter))
11 FCPATH\index.php(56): CodeIgniter\Boot::bootWeb(Object(Config\Paths))
CRITICAL - 2024-12-12 20:54:13 --> ErrorException: Undefined variable $page_name
[Method: GET, Route: dashboard]
in APPPATH\Views\common\app_main.php on line 313.
 1 APPPATH\Views\common\app_main.php(313): CodeIgniter\Debug\Exceptions->errorHandler(2, 'Undefined variable $page_name', 'F:\\abhis\\softwares\\xampp\\htdocs\\ci4-projects\\ticket-management-system\\app\\Views\\common\\app_main.php', 313)
 2 SYSTEMPATH\View\View.php(234): include('F:\\abhis\\softwares\\xampp\\htdocs\\ci4-projects\\ticket-management-system\\app\\Views\\common\\app_main.php')
 3 SYSTEMPATH\View\View.php(237): CodeIgniter\View\View->CodeIgniter\View\{closure}()
 4 SYSTEMPATH\Common.php(1171): CodeIgniter\View\View->render('common/app_main', [], true)
 5 APPPATH\Controllers\Dashboard.php(11): view('common/app_main', [...])
 6 SYSTEMPATH\CodeIgniter.php(933): App\Controllers\Dashboard->index()
 7 SYSTEMPATH\CodeIgniter.php(509): CodeIgniter\CodeIgniter->runController(Object(App\Controllers\Dashboard))
 8 SYSTEMPATH\CodeIgniter.php(355): CodeIgniter\CodeIgniter->handleRequest(null, Object(Config\Cache), false)
 9 SYSTEMPATH\Boot.php(325): CodeIgniter\CodeIgniter->run()
10 SYSTEMPATH\Boot.php(67): CodeIgniter\Boot::runCodeIgniter(Object(CodeIgniter\CodeIgniter))
11 FCPATH\index.php(56): CodeIgniter\Boot::bootWeb(Object(Config\Paths))
CRITICAL - 2024-12-12 20:54:38 --> ErrorException: Undefined variable $page_name
[Method: GET, Route: dashboard]
in APPPATH\Views\common\app_main.php on line 313.
 1 APPPATH\Views\common\app_main.php(313): CodeIgniter\Debug\Exceptions->errorHandler(2, 'Undefined variable $page_name', 'F:\\abhis\\softwares\\xampp\\htdocs\\ci4-projects\\ticket-management-system\\app\\Views\\common\\app_main.php', 313)
 2 SYSTEMPATH\View\View.php(234): include('F:\\abhis\\softwares\\xampp\\htdocs\\ci4-projects\\ticket-management-system\\app\\Views\\common\\app_main.php')
 3 SYSTEMPATH\View\View.php(237): CodeIgniter\View\View->CodeIgniter\View\{closure}()
 4 SYSTEMPATH\Common.php(1171): CodeIgniter\View\View->render('common/app_main', [], true)
 5 APPPATH\Controllers\Dashboard.php(11): view('common/app_main', [...])
 6 SYSTEMPATH\CodeIgniter.php(933): App\Controllers\Dashboard->index()
 7 SYSTEMPATH\CodeIgniter.php(509): CodeIgniter\CodeIgniter->runController(Object(App\Controllers\Dashboard))
 8 SYSTEMPATH\CodeIgniter.php(355): CodeIgniter\CodeIgniter->handleRequest(null, Object(Config\Cache), false)
 9 SYSTEMPATH\Boot.php(325): CodeIgniter\CodeIgniter->run()
10 SYSTEMPATH\Boot.php(67): CodeIgniter\Boot::runCodeIgniter(Object(CodeIgniter\CodeIgniter))
11 FCPATH\index.php(56): CodeIgniter\Boot::bootWeb(Object(Config\Paths))
CRITICAL - 2024-12-12 20:54:40 --> ErrorException: Undefined variable $page_name
[Method: GET, Route: dashboard]
in APPPATH\Views\common\app_main.php on line 313.
 1 APPPATH\Views\common\app_main.php(313): CodeIgniter\Debug\Exceptions->errorHandler(2, 'Undefined variable $page_name', 'F:\\abhis\\softwares\\xampp\\htdocs\\ci4-projects\\ticket-management-system\\app\\Views\\common\\app_main.php', 313)
 2 SYSTEMPATH\View\View.php(234): include('F:\\abhis\\softwares\\xampp\\htdocs\\ci4-projects\\ticket-management-system\\app\\Views\\common\\app_main.php')
 3 SYSTEMPATH\View\View.php(237): CodeIgniter\View\View->CodeIgniter\View\{closure}()
 4 SYSTEMPATH\Common.php(1171): CodeIgniter\View\View->render('common/app_main', [], true)
 5 APPPATH\Controllers\Dashboard.php(11): view('common/app_main', [...])
 6 SYSTEMPATH\CodeIgniter.php(933): App\Controllers\Dashboard->index()
 7 SYSTEMPATH\CodeIgniter.php(509): CodeIgniter\CodeIgniter->runController(Object(App\Controllers\Dashboard))
 8 SYSTEMPATH\CodeIgniter.php(355): CodeIgniter\CodeIgniter->handleRequest(null, Object(Config\Cache), false)
 9 SYSTEMPATH\Boot.php(325): CodeIgniter\CodeIgniter->run()
10 SYSTEMPATH\Boot.php(67): CodeIgniter\Boot::runCodeIgniter(Object(CodeIgniter\CodeIgniter))
11 FCPATH\index.php(56): CodeIgniter\Boot::bootWeb(Object(Config\Paths))
CRITICAL - 2024-12-12 20:55:35 --> ErrorException: Undefined variable $page_name
[Method: GET, Route: dashboard]
in APPPATH\Views\common\app_main.php on line 313.
 1 APPPATH\Views\common\app_main.php(313): CodeIgniter\Debug\Exceptions->errorHandler(2, 'Undefined variable $page_name', 'F:\\abhis\\softwares\\xampp\\htdocs\\ci4-projects\\ticket-management-system\\app\\Views\\common\\app_main.php', 313)
 2 SYSTEMPATH\View\View.php(234): include('F:\\abhis\\softwares\\xampp\\htdocs\\ci4-projects\\ticket-management-system\\app\\Views\\common\\app_main.php')
 3 SYSTEMPATH\View\View.php(237): CodeIgniter\View\View->CodeIgniter\View\{closure}()
 4 SYSTEMPATH\Common.php(1171): CodeIgniter\View\View->render('common/app_main', [], true)
 5 APPPATH\Controllers\Dashboard.php(11): view('common/app_main', [...])
 6 SYSTEMPATH\CodeIgniter.php(933): App\Controllers\Dashboard->index()
 7 SYSTEMPATH\CodeIgniter.php(509): CodeIgniter\CodeIgniter->runController(Object(App\Controllers\Dashboard))
 8 SYSTEMPATH\CodeIgniter.php(355): CodeIgniter\CodeIgniter->handleRequest(null, Object(Config\Cache), false)
 9 SYSTEMPATH\Boot.php(325): CodeIgniter\CodeIgniter->run()
10 SYSTEMPATH\Boot.php(67): CodeIgniter\Boot::runCodeIgniter(Object(CodeIgniter\CodeIgniter))
11 FCPATH\index.php(56): CodeIgniter\Boot::bootWeb(Object(Config\Paths))
CRITICAL - 2024-12-12 21:37:00 --> TypeError: App\Controllers\Dashboard::index(): Return value must be of type string, none returned
[Method: GET, Route: dashboard]
in APPPATH\Controllers\Dashboard.php on line 38.
 1 SYSTEMPATH\CodeIgniter.php(933): App\Controllers\Dashboard->index()
 2 SYSTEMPATH\CodeIgniter.php(509): CodeIgniter\CodeIgniter->runController(Object(App\Controllers\Dashboard))
 3 SYSTEMPATH\CodeIgniter.php(355): CodeIgniter\CodeIgniter->handleRequest(null, Object(Config\Cache), false)
 4 SYSTEMPATH\Boot.php(325): CodeIgniter\CodeIgniter->run()
 5 SYSTEMPATH\Boot.php(67): CodeIgniter\Boot::runCodeIgniter(Object(CodeIgniter\CodeIgniter))
 6 FCPATH\index.php(56): CodeIgniter\Boot::bootWeb(Object(Config\Paths))
CRITICAL - 2024-12-12 21:37:20 --> TypeError: App\Controllers\Dashboard::index(): Return value must be of type string, none returned
[Method: GET, Route: dashboard]
in APPPATH\Controllers\Dashboard.php on line 39.
 1 SYSTEMPATH\CodeIgniter.php(933): App\Controllers\Dashboard->index()
 2 SYSTEMPATH\CodeIgniter.php(509): CodeIgniter\CodeIgniter->runController(Object(App\Controllers\Dashboard))
 3 SYSTEMPATH\CodeIgniter.php(355): CodeIgniter\CodeIgniter->handleRequest(null, Object(Config\Cache), false)
 4 SYSTEMPATH\Boot.php(325): CodeIgniter\CodeIgniter->run()
 5 SYSTEMPATH\Boot.php(67): CodeIgniter\Boot::runCodeIgniter(Object(CodeIgniter\CodeIgniter))
 6 FCPATH\index.php(56): CodeIgniter\Boot::bootWeb(Object(Config\Paths))
CRITICAL - 2024-12-12 21:37:46 --> TypeError: App\Controllers\Dashboard::index(): Return value must be of type string, none returned
[Method: GET, Route: dashboard]
in APPPATH\Controllers\Dashboard.php on line 39.
 1 SYSTEMPATH\CodeIgniter.php(933): App\Controllers\Dashboard->index()
 2 SYSTEMPATH\CodeIgniter.php(509): CodeIgniter\CodeIgniter->runController(Object(App\Controllers\Dashboard))
 3 SYSTEMPATH\CodeIgniter.php(355): CodeIgniter\CodeIgniter->handleRequest(null, Object(Config\Cache), false)
 4 SYSTEMPATH\Boot.php(325): CodeIgniter\CodeIgniter->run()
 5 SYSTEMPATH\Boot.php(67): CodeIgniter\Boot::runCodeIgniter(Object(CodeIgniter\CodeIgniter))
 6 FCPATH\index.php(56): CodeIgniter\Boot::bootWeb(Object(Config\Paths))
CRITICAL - 2024-12-12 21:47:47 --> Error: Cannot call constructor
[Method: GET, Route: dashboard]
in APPPATH\Controllers\Dashboard.php on line 11.
 1 SYSTEMPATH\CodeIgniter.php(903): App\Controllers\Dashboard->__construct()
 2 SYSTEMPATH\CodeIgniter.php(500): CodeIgniter\CodeIgniter->createController()
 3 SYSTEMPATH\CodeIgniter.php(355): CodeIgniter\CodeIgniter->handleRequest(null, Object(Config\Cache), false)
 4 SYSTEMPATH\Boot.php(325): CodeIgniter\CodeIgniter->run()
 5 SYSTEMPATH\Boot.php(67): CodeIgniter\Boot::runCodeIgniter(Object(CodeIgniter\CodeIgniter))
 6 FCPATH\index.php(56): CodeIgniter\Boot::bootWeb(Object(Config\Paths))
CRITICAL - 2024-12-12 21:48:02 --> Error: Cannot call constructor
[Method: GET, Route: dashboard]
in APPPATH\Controllers\Dashboard.php on line 11.
 1 SYSTEMPATH\CodeIgniter.php(903): App\Controllers\Dashboard->__construct()
 2 SYSTEMPATH\CodeIgniter.php(500): CodeIgniter\CodeIgniter->createController()
 3 SYSTEMPATH\CodeIgniter.php(355): CodeIgniter\CodeIgniter->handleRequest(null, Object(Config\Cache), false)
 4 SYSTEMPATH\Boot.php(325): CodeIgniter\CodeIgniter->run()
 5 SYSTEMPATH\Boot.php(67): CodeIgniter\Boot::runCodeIgniter(Object(CodeIgniter\CodeIgniter))
 6 FCPATH\index.php(56): CodeIgniter\Boot::bootWeb(Object(Config\Paths))
CRITICAL - 2024-12-12 21:48:16 --> Error: Call to a member function get() on null
[Method: GET, Route: dashboard]
in APPPATH\Controllers\Dashboard.php on line 14.
 1 SYSTEMPATH\CodeIgniter.php(903): App\Controllers\Dashboard->__construct()
 2 SYSTEMPATH\CodeIgniter.php(500): CodeIgniter\CodeIgniter->createController()
 3 SYSTEMPATH\CodeIgniter.php(355): CodeIgniter\CodeIgniter->handleRequest(null, Object(Config\Cache), false)
 4 SYSTEMPATH\Boot.php(325): CodeIgniter\CodeIgniter->run()
 5 SYSTEMPATH\Boot.php(67): CodeIgniter\Boot::runCodeIgniter(Object(CodeIgniter\CodeIgniter))
 6 FCPATH\index.php(56): CodeIgniter\Boot::bootWeb(Object(Config\Paths))
CRITICAL - 2024-12-12 21:50:04 --> CodeIgniter\HTTP\Exceptions\HTTPException: The route for "http://localhost/ci4-projects/ticket-management-system/sign-in" cannot be found.
[Method: GET, Route: dashboard]
in SYSTEMPATH\HTTP\RedirectResponse.php on line 64.
 1 SYSTEMPATH\HTTP\RedirectResponse.php(64): CodeIgniter\HTTP\Exceptions\HTTPException::forInvalidRedirectRoute('http://localhost/ci4-projects/ticket-management-system/sign-in')
 2 SYSTEMPATH\Common.php(853): CodeIgniter\HTTP\RedirectResponse->route(false)
 3 APPPATH\Controllers\Dashboard.php(16): redirect('http://localhost/ci4-projects/ticket-management-system/sign-in')
 4 SYSTEMPATH\CodeIgniter.php(903): App\Controllers\Dashboard->__construct()
 5 SYSTEMPATH\CodeIgniter.php(500): CodeIgniter\CodeIgniter->createController()
 6 SYSTEMPATH\CodeIgniter.php(355): CodeIgniter\CodeIgniter->handleRequest(null, Object(Config\Cache), false)
 7 SYSTEMPATH\Boot.php(325): CodeIgniter\CodeIgniter->run()
 8 SYSTEMPATH\Boot.php(67): CodeIgniter\Boot::runCodeIgniter(Object(CodeIgniter\CodeIgniter))
 9 FCPATH\index.php(56): CodeIgniter\Boot::bootWeb(Object(Config\Paths))
